[debug] [2021-04-14T10:23:13.474Z] ----------------------------------------------------------------------
[debug] [2021-04-14T10:23:13.477Z] Command:       C:\Program Files\nodejs\node.exe C:\Program Files\nodejs\node_modules\firebase-tools\lib\bin\firebase.js init
[debug] [2021-04-14T10:23:13.477Z] CLI Version:   9.10.0
[debug] [2021-04-14T10:23:13.477Z] Platform:      win32
[debug] [2021-04-14T10:23:13.477Z] Node Version:  v15.2.1
[debug] [2021-04-14T10:23:13.478Z] Time:          Wed Apr 14 2021 15:53:13 GMT+0530 (India Standard Time)
[debug] [2021-04-14T10:23:13.479Z] ----------------------------------------------------------------------
[debug] 
[debug] [2021-04-14T10:23:13.483Z] >>> [apiv2][query] GET https://firebase-public.firebaseio.com/cli.json [none]
[debug] [2021-04-14T10:23:13.510Z] > command requires scopes: ["email","openid","https://www.googleapis.com/auth/cloudplatformprojects.readonly","https://www.googleapis.com/auth/firebase","https://www.googleapis.com/auth/cloud-platform"]
[debug] [2021-04-14T10:23:13.510Z] > authorizing via signed-in user (kritiksah17234@gmail.com)
[info] 
     ######## #### ########  ######## ########     ###     ######  ########
     ##        ##  ##     ## ##       ##     ##  ##   ##  ##       ##
     ######    ##  ########  ######   ########  #########  ######  ######
     ##        ##  ##    ##  ##       ##     ## ##     ##       ## ##
     ##       #### ##     ## ######## ########  ##     ##  ######  ########

You're about to initialize a Firebase project in this directory:

  C:\Users\kritik\Desktop\kritik-sah\firetodo

[debug] [2021-04-14T10:23:14.331Z] <<< [apiv2][status] GET https://firebase-public.firebaseio.com/cli.json 200
[debug] [2021-04-14T10:23:14.331Z] <<< [apiv2][body] GET https://firebase-public.firebaseio.com/cli.json {"cloudBuildErrorAfter":1594252800000,"cloudBuildWarnAfter":1590019200000,"defaultNode10After":1594252800000,"minVersion":"3.0.5","node8DeploysDisabledAfter":1613390400000,"node8RuntimeDisabledAfter":1615809600000,"node8WarnAfter":1600128000000}
